<?xml version="1.0" encoding="UTF-8"?>
<testng-results ignored="0" total="13" passed="13" failed="0" skipped="0">
  <reporter-output>
  </reporter-output>
  <suite started-at="2024-02-19T17:46:46 COT" name="Default suite" finished-at="2024-02-19T17:46:46 COT" duration-ms="734">
    <groups>
      <group name="cucumber">
        <method signature="AbstractTestNGCucumberTests.runScenario(io.cucumber.testng.PickleWrapper,io.cucumber.testng.FeatureWrapper)[pri:0, instance:cucumberOptions.TestNGRunner@2e385cce]" name="runScenario" class="io.cucumber.testng.AbstractTestNGCucumberTests"/>
      </group> <!-- cucumber -->
    </groups>
    <test started-at="2024-02-19T17:46:46 COT" name="Default test" finished-at="2024-02-19T17:46:46 COT" duration-ms="734">
      <class name="cucumberOptions.TestNGRunner">
        <test-method is-config="true" signature="setUpClass(org.testng.ITestContext)[pri:0, instance:cucumberOptions.TestNGRunner@2e385cce]" started-at="2024-02-19T17:46:46 COT" name="setUpClass" finished-at="2024-02-19T17:46:46 COT" duration-ms="494" status="PASS">
          <params>
            <param index="0">
              <value>
                <![CDATA[org.testng.TestRunner@55caeb35]]>
              </value>
            </param>
          </params>
          <reporter-output>
          </reporter-output>
        </test-method> <!-- setUpClass -->
        <test-method signature="runScenario(io.cucumber.testng.PickleWrapper,io.cucumber.testng.FeatureWrapper)[pri:0, instance:cucumberOptions.TestNGRunner@2e385cce]" started-at="2024-02-19T17:46:46 COT" name="runScenario" description="Runs Cucumber Scenarios" data-provider="scenarios" finished-at="2024-02-19T17:46:46 COT" duration-ms="75" status="PASS">
          <params>
            <param index="0">
              <value>
                <![CDATA["Admin Page default login"]]>
              </value>
            </param>
            <param index="1">
              <value>
                <![CDATA["Aplication Login"]]>
              </value>
            </param>
          </params>
          <reporter-output>
          </reporter-output>
        </test-method> <!-- runScenario -->
        <test-method signature="runScenario(io.cucumber.testng.PickleWrapper,io.cucumber.testng.FeatureWrapper)[pri:0, instance:cucumberOptions.TestNGRunner@2e385cce]" started-at="2024-02-19T17:46:46 COT" name="runScenario" description="Runs Cucumber Scenarios" data-provider="scenarios" finished-at="2024-02-19T17:46:46 COT" duration-ms="7" status="PASS">
          <params>
            <param index="0">
              <value>
                <![CDATA["User Page default login"]]>
              </value>
            </param>
            <param index="1">
              <value>
                <![CDATA["Aplication Login"]]>
              </value>
            </param>
          </params>
          <reporter-output>
          </reporter-output>
        </test-method> <!-- runScenario -->
        <test-method signature="runScenario(io.cucumber.testng.PickleWrapper,io.cucumber.testng.FeatureWrapper)[pri:0, instance:cucumberOptions.TestNGRunner@2e385cce]" started-at="2024-02-19T17:46:46 COT" name="runScenario" description="Runs Cucumber Scenarios" data-provider="scenarios" finished-at="2024-02-19T17:46:46 COT" duration-ms="9" status="PASS">
          <params>
            <param index="0">
              <value>
                <![CDATA["Users Page default login"]]>
              </value>
            </param>
            <param index="1">
              <value>
                <![CDATA["Aplication Login"]]>
              </value>
            </param>
          </params>
          <reporter-output>
          </reporter-output>
        </test-method> <!-- runScenario -->
        <test-method signature="runScenario(io.cucumber.testng.PickleWrapper,io.cucumber.testng.FeatureWrapper)[pri:0, instance:cucumberOptions.TestNGRunner@2e385cce]" started-at="2024-02-19T17:46:46 COT" name="runScenario" description="Runs Cucumber Scenarios" data-provider="scenarios" finished-at="2024-02-19T17:46:46 COT" duration-ms="6" status="PASS">
          <params>
            <param index="0">
              <value>
                <![CDATA["Users Page default login"]]>
              </value>
            </param>
            <param index="1">
              <value>
                <![CDATA["Aplication Login"]]>
              </value>
            </param>
          </params>
          <reporter-output>
          </reporter-output>
        </test-method> <!-- runScenario -->
        <test-method signature="runScenario(io.cucumber.testng.PickleWrapper,io.cucumber.testng.FeatureWrapper)[pri:0, instance:cucumberOptions.TestNGRunner@2e385cce]" started-at="2024-02-19T17:46:46 COT" name="runScenario" description="Runs Cucumber Scenarios" data-provider="scenarios" finished-at="2024-02-19T17:46:46 COT" duration-ms="6" status="PASS">
          <params>
            <param index="0">
              <value>
                <![CDATA["Users Page default login"]]>
              </value>
            </param>
            <param index="1">
              <value>
                <![CDATA["Aplication Login"]]>
              </value>
            </param>
          </params>
          <reporter-output>
          </reporter-output>
        </test-method> <!-- runScenario -->
        <test-method signature="runScenario(io.cucumber.testng.PickleWrapper,io.cucumber.testng.FeatureWrapper)[pri:0, instance:cucumberOptions.TestNGRunner@2e385cce]" started-at="2024-02-19T17:46:46 COT" name="runScenario" description="Runs Cucumber Scenarios" data-provider="scenarios" finished-at="2024-02-19T17:46:46 COT" duration-ms="4" status="PASS">
          <params>
            <param index="0">
              <value>
                <![CDATA["Users Page default login"]]>
              </value>
            </param>
            <param index="1">
              <value>
                <![CDATA["Aplication Login"]]>
              </value>
            </param>
          </params>
          <reporter-output>
          </reporter-output>
        </test-method> <!-- runScenario -->
        <test-method signature="runScenario(io.cucumber.testng.PickleWrapper,io.cucumber.testng.FeatureWrapper)[pri:0, instance:cucumberOptions.TestNGRunner@2e385cce]" started-at="2024-02-19T17:46:46 COT" name="runScenario" description="Runs Cucumber Scenarios" data-provider="scenarios" finished-at="2024-02-19T17:46:46 COT" duration-ms="7" status="PASS">
          <params>
            <param index="0">
              <value>
                <![CDATA["Users Page default login"]]>
              </value>
            </param>
            <param index="1">
              <value>
                <![CDATA["Aplication Login"]]>
              </value>
            </param>
          </params>
          <reporter-output>
          </reporter-output>
        </test-method> <!-- runScenario -->
        <test-method signature="runScenario(io.cucumber.testng.PickleWrapper,io.cucumber.testng.FeatureWrapper)[pri:0, instance:cucumberOptions.TestNGRunner@2e385cce]" started-at="2024-02-19T17:46:46 COT" name="runScenario" description="Runs Cucumber Scenarios" data-provider="scenarios" finished-at="2024-02-19T17:46:46 COT" duration-ms="7" status="PASS">
          <params>
            <param index="0">
              <value>
                <![CDATA["Users Page default login"]]>
              </value>
            </param>
            <param index="1">
              <value>
                <![CDATA["Aplication Login"]]>
              </value>
            </param>
          </params>
          <reporter-output>
          </reporter-output>
        </test-method> <!-- runScenario -->
        <test-method signature="runScenario(io.cucumber.testng.PickleWrapper,io.cucumber.testng.FeatureWrapper)[pri:0, instance:cucumberOptions.TestNGRunner@2e385cce]" started-at="2024-02-19T17:46:46 COT" name="runScenario" description="Runs Cucumber Scenarios" data-provider="scenarios" finished-at="2024-02-19T17:46:46 COT" duration-ms="6" status="PASS">
          <params>
            <param index="0">
              <value>
                <![CDATA["Users Page default login"]]>
              </value>
            </param>
            <param index="1">
              <value>
                <![CDATA["Aplication Login"]]>
              </value>
            </param>
          </params>
          <reporter-output>
          </reporter-output>
        </test-method> <!-- runScenario -->
        <test-method signature="runScenario(io.cucumber.testng.PickleWrapper,io.cucumber.testng.FeatureWrapper)[pri:0, instance:cucumberOptions.TestNGRunner@2e385cce]" started-at="2024-02-19T17:46:46 COT" name="runScenario" description="Runs Cucumber Scenarios" data-provider="scenarios" finished-at="2024-02-19T17:46:46 COT" duration-ms="5" status="PASS">
          <params>
            <param index="0">
              <value>
                <![CDATA["Users Page default login"]]>
              </value>
            </param>
            <param index="1">
              <value>
                <![CDATA["Aplication Login"]]>
              </value>
            </param>
          </params>
          <reporter-output>
          </reporter-output>
        </test-method> <!-- runScenario -->
        <test-method signature="runScenario(io.cucumber.testng.PickleWrapper,io.cucumber.testng.FeatureWrapper)[pri:0, instance:cucumberOptions.TestNGRunner@2e385cce]" started-at="2024-02-19T17:46:46 COT" name="runScenario" description="Runs Cucumber Scenarios" data-provider="scenarios" finished-at="2024-02-19T17:46:46 COT" duration-ms="4" status="PASS">
          <params>
            <param index="0">
              <value>
                <![CDATA["Users Page default login"]]>
              </value>
            </param>
            <param index="1">
              <value>
                <![CDATA["Aplication Login"]]>
              </value>
            </param>
          </params>
          <reporter-output>
          </reporter-output>
        </test-method> <!-- runScenario -->
        <test-method signature="runScenario(io.cucumber.testng.PickleWrapper,io.cucumber.testng.FeatureWrapper)[pri:0, instance:cucumberOptions.TestNGRunner@2e385cce]" started-at="2024-02-19T17:46:46 COT" name="runScenario" description="Runs Cucumber Scenarios" data-provider="scenarios" finished-at="2024-02-19T17:46:46 COT" duration-ms="4" status="PASS">
          <params>
            <param index="0">
              <value>
                <![CDATA["Users Page default login"]]>
              </value>
            </param>
            <param index="1">
              <value>
                <![CDATA["Aplication Login"]]>
              </value>
            </param>
          </params>
          <reporter-output>
          </reporter-output>
        </test-method> <!-- runScenario -->
        <test-method signature="runScenario(io.cucumber.testng.PickleWrapper,io.cucumber.testng.FeatureWrapper)[pri:0, instance:cucumberOptions.TestNGRunner@2e385cce]" started-at="2024-02-19T17:46:46 COT" name="runScenario" description="Runs Cucumber Scenarios" data-provider="scenarios" finished-at="2024-02-19T17:46:46 COT" duration-ms="13" status="PASS">
          <params>
            <param index="0">
              <value>
                <![CDATA["Users Page default sign up"]]>
              </value>
            </param>
            <param index="1">
              <value>
                <![CDATA["Aplication Login"]]>
              </value>
            </param>
          </params>
          <reporter-output>
          </reporter-output>
        </test-method> <!-- runScenario -->
        <test-method is-config="true" signature="tearDownClass()[pri:0, instance:cucumberOptions.TestNGRunner@2e385cce]" started-at="2024-02-19T17:46:46 COT" name="tearDownClass" finished-at="2024-02-19T17:46:46 COT" duration-ms="34" status="PASS">
          <reporter-output>
          </reporter-output>
        </test-method> <!-- tearDownClass -->
      </class> <!-- cucumberOptions.TestNGRunner -->
    </test> <!-- Default test -->
  </suite> <!-- Default suite -->
</testng-results>
